15294080 | Skipping 
15744500 | Skipping 
09390500 | No match for SHOW LOW CREEK NEAR LAKESIDE, AZ
09469500 | No match for GILA RIVER BELOW COOLIDGE DAM, AZ.
09510200 | No match for SYCAMORE CREEK NEAR FORT MCDOWELL, AZ
11453500 | No match for PUTAH C NR GUENOC CA
01127000 | No match for QUINEBAUG RIVER AT JEWETT CITY, CT
02236500 | No match for BIG CREEK NEAR CLERMONT, FL
02263869 | No match for SOUTH LAKE OUTLET AT S-15, NEAR VINELAND, FL
02263870 | No match for SOUTH LAKE OUTLET BELOW S-15 NEAR VINELAND, FLA.
02266025 | No match for REEDY CREEK AT S-46 NEAR VINELAND, FL
02266026 | No match for 10B REEDY CREEK BELOW S-46 NR VINELAND FLA
02266205 | No match for WHITTENHORSE CREEK AT S-411, NEAR VINELAND, FL
02266206 | No match for WHITTENHORSE BELOW S-411 NR VINELAND,FL
02266291 | No match for LATERAL 405 AT S-405A, NEAR DOCTOR PHILLIPS, FL
02266295 | No match for LATERAL 410 AT S-410 NEAR VINELAND, FL
02266296 | No match for LATERAL 410 BL S-410 NR VINELAND, FL
02290878 | Skipping 
02290888 | Skipping 
02290918 | Skipping 
02297345 | No match for PEACE RIVER AT PLATT FL
02297350 | No match for PEACE RIVER NR PEACE RIVER HEIGHTS NR FT. OGDEN FL
02310286 | No match for FIVEMILE CR BL SUNCOAST PKWY NR FIVAY JUNCTION FL
02310288 | No match for PITHLACHASCOTEE R BL SUNCOAST PKWY NR FIVAY JCT FL
02310673 | Skipping 
02310674 | Skipping 
02310689 | Skipping 
02313272 | Skipping 
02323592 | Skipping 
251253080320100 | Skipping 
251549080251200 | Skipping 
252230081021300 | Skipping 
252551081050900 | Skipping 
255123081321300 | Skipping 
255327081275900 | Skipping 
255432081303900 | Skipping 
255534081324000 | Skipping 
255654081350200 | Skipping 
265906080093500 | Skipping 
285531082412600 | Skipping 
021989715 | Skipping 
02198980 | Skipping 
02226180 | No match for BRUNSWICK RIVER AT ST. SIMONS ISLAND, GA
02231254 | No match for ST MARY'S RIVER AT I-95, NEAR KINGSLAND, GA
02354800 | No match for ICHAWAYNOCHAWAY CREEK NEAR ELMODEL, GA
02357150 | No match for SPRING CREEK NEAR REYNOLDSVILLE, GA
16071500 | No match for Left Branch Opaekaa Str nr Kapaa, Kauai, HI
16097500 | No match for Halaulani Str at alt 400 ft nr Kilauea, Kauai, HI
16614000 | No match for Waihee Rv abv Waihee Dtch intk nr Waihee, Maui, HI
16618000 | No match for Kahakuloa Stream near Honokohau, Maui, HI
05527910 | No match for NORTH MILL CREEK NEAR MILBURN, IL
05536121 | Skipping 
05576250 | No match for SUGAR CREEK NEAR SPRINGFIELD, IL
404753091053001 | No match for MISSISSIPPI RIVER AT BURLINGTON, IA (CORPS)
073802516 | Skipping 
073816501 | Skipping 
073816525 | Skipping 
01034000 | No match for Piscataquis River at Medford, Maine
01579550 | Skipping 
04119400 | No match for GRAND RIVER NEAR EASTMANVILLE, MI
04127885 | No match for ST. MARYS RIVER AT SAULT STE. MARIE, ONTARIO
05288670 | No match for MISSISSIPPI RIVER ABV 37TH AVE. NE IN FRIDLEY, MN
01379530 | No match for Canoe Brook near Summit NJ
01407500 | No match for Swimming River near Red Bank NJ
01408029 | No match for Manasquan River near Allenwood NJ
01409400 | No match for Mullica River near Batsto NJ
09367580 | Skipping 
0134277123 | No match for HONNEDAGA LAKE TRIBUTARY NO. 6 AT FOREST LODGE NY
01417000 | No match for EAST BRANCH DELAWARE RIVER AT DOWNSVILLE NY
01434025 | No match for BISCUIT BK ABOVE PIGEON BK AT FROST VALLEY NY
0421964005 | Skipping 
04247055 | No match for OSWEGO RIVER NEAR PHOENIX NY
04208460 | No match for Mill Creek at Garfield Hts OH
391817084254900 | No match for Wildermuth overflow channel near West Chester OH
07176321 | Skipping 
01447680 | No match for Tunkhannock Creek near Long Pond, PA
01447800 | No match for Lehigh R bl Francis E Walter Res nr White Haven PA
01470960 | No match for Tulpehocken Cr at Blue Marsh Damsite near Reading
01472104 | No match for Schuylkill River at Vincent Dam at Linfield, PA
01480685 | No match for Marsh Creek near Downingtown, PA
01547500 | No match for Bald Eagle Creek at Blanchard, PA
01554000 | No match for Susquehanna River at Sunbury, PA
01572025 | No match for Swatara Creek near Pine Grove, PA
01576000 | No match for Susquehanna River at Marietta, PA
01576980 | No match for Susquehanna River at Holtwood Dam at Holtwood, PA
03026480 | No match for East Branch Clarion River near Clermont, PA
03039000 | No match for Crooked Creek at Crooked Creek Dam near Ford City
03039040 | No match for Allegheny River at Lock & Dam 5 near Freeport, PA
03039041 | No match for Allegheny River bl Lock & Dam 5 near Freeport, PA
03042280 | No match for Yellow Creek near Homer City, PA
03047000 | No match for Loyalhanna Creek at Loyalhanna Dam, PA
03049000 | No match for Buffalo Creek near Freeport, PA
03049640 | No match for Allegheny R at CW Bill Young L&D  at Acmetonia, PA
03049641 | No match for Allegheny R at CW Bill Young (lower) Acmetonia, PA
03062998 | No match for Monongahela R L&D8 (Upper Pool) @ Point Marion, PA
03063000 | No match for Monongahela R L&D8 (Lower Pool) @ Point Marion, PA
03072655 | No match for Monongahela River near Masontown, PA
03072656 | No match for Monongahela River (lower pool) near Masontown, PA
03085000 | No match for Monongahela River at Braddock, PA
03085002 | No match for Monongahela R at L&D2 Lower Pool at Braddock, PA
03102500 | No match for Little Shenango River at Greenville, PA
03106300 | No match for Muddy Creek near Portersville, PA
03108500 | No match for Ohio River at Montgomery Lock & Dam, Lower Pool
394337079544201 | No match for MONONGAHELA RIVER AT POINT MARION, PA
01111300 | No match for NIPMUC RIVER NEAR HARRISVILLE, RI
01115184 | No match for SPRUCE BROOK NR NORTH SCITUATE, RI
02136350 | Skipping 
02171905 | Skipping 
02172053 | Skipping 
0219897993 | Skipping 
08067252 | Skipping 
08162506 | Skipping 
04280000 | No match for POULTNEY RIVER BELOW FAIR HAVEN, VT
01484746 | No match for CHINCOTEAGUE BAY INLET AT CHINCOTEAGUE, VA
01670080 | Skipping 
12399500 | No match for COLUMBIA RIVER AT INTERNATIONAL BOUNDARY
04027500 | No match for WHITE RIVER NEAR ASHLAND, WI
423645088595501 | No match for DISCOVERY FARMS CORE WATERWY AR2 NR JANESVILLE, WI
